# JRE version: OpenJDK Runtime Environment (11.0.11+9) (build 11.0.11+9-b60-7590822)
# Java VM: OpenJDK 64-Bit Server VM (11.0.11+9-b60-7590822, mixed mode, tiered, compressed oops, g1 gc, windows-amd64)
Heap:
 garbage-first heap   total 349184K, used 208845K [0x0000000080000000, 0x0000000100000000)
  region size 1024K, 49 young (50176K), 9 survivors (9216K)
 Metaspace       used 112610K, capacity 115679K, committed 116172K, reserved 1150976K
  class space    used 14254K, capacity 15409K, committed 15616K, reserved 1048576K
GC Heap History (20 events):
Event: 24.562 GC heap before
{Heap before GC invocations=34 (full 0):
 garbage-first heap   total 227328K, used 155995K [0x0000000080000000, 0x0000000100000000)
  region size 1024K, 64 young (65536K), 4 survivors (4096K)
 Metaspace       used 97122K, capacity 99351K, committed 99532K, reserved 1136640K
  class space    used 12224K, capacity 13055K, committed 13056K, reserved 1048576K
}
Event: 24.575 GC heap after
{Heap after GC invocations=35 (full 0):
 garbage-first heap   total 227328K, used 101007K [0x0000000080000000, 0x0000000100000000)
  region size 1024K, 8 young (8192K), 8 survivors (8192K)
 Metaspace       used 97122K, capacity 99351K, committed 99532K, reserved 1136640K
  class space    used 12224K, capacity 13055K, committed 13056K, reserved 1048576K
}
Event: 25.307 GC heap before
{Heap before GC invocations=35 (full 0):
 garbage-first heap   total 227328K, used 164495K [0x0000000080000000, 0x0000000100000000)
  region size 1024K, 69 young (70656K), 8 survivors (8192K)
 Metaspace       used 102925K, capacity 105447K, committed 105676K, reserved 1140736K
  class space    used 13100K, capacity 14063K, committed 14080K, reserved 1048576K
}
Event: 25.321 GC heap after
{Heap after GC invocations=36 (full 0):
 garbage-first heap   total 273408K, used 102986K [0x0000000080000000, 0x0000000100000000)
  region size 1024K, 5 young (5120K), 5 survivors (5120K)
 Metaspace       used 102925K, capacity 105447K, committed 105676K, reserved 1140736K
  class space    used 13100K, capacity 14063K, committed 14080K, reserved 1048576K
}
Event: 26.918 GC heap before
{Heap before GC invocations=36 (full 0):
 garbage-first heap   total 273408K, used 182858K [0x0000000080000000, 0x0000000100000000)
  region size 1024K, 84 young (86016K), 5 survivors (5120K)
 Metaspace       used 108760K, capacity 111580K, committed 111820K, reserved 1146880K
  class space    used 13933K, capacity 15037K, committed 15104K, reserved 1048576K
}
Event: 26.925 GC heap after
{Heap after GC invocations=37 (full 0):
 garbage-first heap   total 273408K, used 103366K [0x0000000080000000, 0x0000000100000000)
  region size 1024K, 5 young (5120K), 5 survivors (5120K)
 Metaspace       used 108760K, capacity 111580K, committed 111820K, reserved 1146880K
  class space    used 13933K, capacity 15037K, committed 15104K, reserved 1048576K
}
Event: 27.711 GC heap before
{Heap before GC invocations=37 (full 0):
 garbage-first heap   total 273408K, used 189382K [0x0000000080000000, 0x0000000100000000)
  region size 1024K, 89 young (91136K), 5 survivors (5120K)
 Metaspace       used 109259K, capacity 112095K, committed 112332K, reserved 1146880K
  class space    used 13950K, capacity 15073K, committed 15104K, reserved 1048576K
}
Event: 27.718 GC heap after
{Heap after GC invocations=38 (full 0):
 garbage-first heap   total 273408K, used 102605K [0x0000000080000000, 0x0000000100000000)
  region size 1024K, 4 young (4096K), 4 survivors (4096K)
 Metaspace       used 109259K, capacity 112095K, committed 112332K, reserved 1146880K
  class space    used 13950K, capacity 15073K, committed 15104K, reserved 1048576K
}
Event: 28.709 GC heap before
{Heap before GC invocations=38 (full 0):
 garbage-first heap   total 273408K, used 217293K [0x0000000080000000, 0x0000000100000000)
  region size 1024K, 102 young (104448K), 4 survivors (4096K)
 Metaspace       used 111834K, capacity 114796K, committed 114892K, reserved 1148928K
  class space    used 14235K, capacity 15359K, committed 15360K, reserved 1048576K
}
Event: 28.741 GC heap after
{Heap after GC invocations=39 (full 0):
 garbage-first heap   total 273408K, used 133043K [0x0000000080000000, 0x0000000100000000)
  region size 1024K, 13 young (13312K), 13 survivors (13312K)
 Metaspace       used 111834K, capacity 114796K, committed 114892K, reserved 1148928K
  class space    used 14235K, capacity 15359K, committed 15360K, reserved 1048576K
}
Event: 29.270 GC heap before
{Heap before GC invocations=39 (full 0):
 garbage-first heap   total 273408K, used 205747K [0x0000000080000000, 0x0000000100000000)
  region size 1024K, 85 young (87040K), 13 survivors (13312K)
 Metaspace       used 112365K, capacity 115518K, committed 115660K, reserved 1148928K
  class space    used 14293K, capacity 15504K, committed 15616K, reserved 1048576K
}
Event: 29.319 GC heap after
{Heap after GC invocations=40 (full 0):
 garbage-first heap   total 273408K, used 161711K [0x0000000080000000, 0x0000000100000000)
  region size 1024K, 11 young (11264K), 11 survivors (11264K)
 Metaspace       used 112365K, capacity 115518K, committed 115660K, reserved 1148928K
  class space    used 14293K, capacity 15504K, committed 15616K, reserved 1048576K
}
Event: 29.561 GC heap before
{Heap before GC invocations=40 (full 0):
 garbage-first heap   total 273408K, used 192431K [0x0000000080000000, 0x0000000100000000)
  region size 1024K, 43 young (44032K), 11 survivors (11264K)
 Metaspace       used 112502K, capacity 115641K, committed 115916K, reserved 1148928K
  class space    used 14301K, capacity 15517K, committed 15616K, reserved 1048576K
}
Event: 29.588 GC heap after
{Heap after GC invocations=41 (full 0):
 garbage-first heap   total 273408K, used 167933K [0x0000000080000000, 0x0000000100000000)
  region size 1024K, 4 young (4096K), 4 survivors (4096K)
 Metaspace       used 112502K, capacity 115641K, committed 115916K, reserved 1148928K
  class space    used 14301K, capacity 15517K, committed 15616K, reserved 1048576K
}
Event: 30.738 GC heap before
{Heap before GC invocations=42 (full 0):
 garbage-first heap   total 273408K, used 209917K [0x0000000080000000, 0x0000000100000000)
  region size 1024K, 48 young (49152K), 4 survivors (4096K)
 Metaspace       used 112410K, capacity 115436K, committed 115916K, reserved 1148928K
  class space    used 14253K, capacity 15409K, committed 15616K, reserved 1048576K
}
Event: 30.768 GC heap after
{Heap after GC invocations=43 (full 0):
 garbage-first heap   total 349184K, used 170626K [0x0000000080000000, 0x0000000100000000)
  region size 1024K, 6 young (6144K), 6 survivors (6144K)
 Metaspace       used 112410K, capacity 115436K, committed 115916K, reserved 1148928K
  class space    used 14253K, capacity 15409K, committed 15616K, reserved 1048576K
}
Event: 31.168 GC heap before
{Heap before GC invocations=43 (full 0):
 garbage-first heap   total 349184K, used 182914K [0x0000000080000000, 0x0000000100000000)
  region size 1024K, 17 young (17408K), 6 survivors (6144K)
 Metaspace       used 112428K, capacity 115441K, committed 115916K, reserved 1148928K
  class space    used 14253K, capacity 15409K, committed 15616K, reserved 1048576K
}
Event: 31.183 GC heap after
{Heap after GC invocations=44 (full 0):
 garbage-first heap   total 349184K, used 156928K [0x0000000080000000, 0x0000000100000000)
  region size 1024K, 3 young (3072K), 3 survivors (3072K)
 Metaspace       used 112428K, capacity 115441K, committed 115916K, reserved 1148928K
  class space    used 14253K, capacity 15409K, committed 15616K, reserved 1048576K
}
Event: 32.169 GC heap before
{Heap before GC invocations=44 (full 0):
 garbage-first heap   total 349184K, used 191744K [0x0000000080000000, 0x0000000100000000)
  region size 1024K, 37 young (37888K), 3 survivors (3072K)
 Metaspace       used 112504K, capacity 115532K, committed 115916K, reserved 1148928K
  class space    used 14253K, capacity 15409K, committed 15616K, reserved 1048576K
}
Event: 32.224 GC heap after
{Heap after GC invocations=45 (full 0):
 garbage-first heap   total 349184K, used 163789K [0x0000000080000000, 0x0000000100000000)
  region size 1024K, 9 young (9216K), 9 survivors (9216K)
 Metaspace       used 112504K, capacity 115532K, committed 115916K, reserved 1148928K
  class space    used 14253K, capacity 15409K, committed 15616K, reserved 1048576K
}

