# JRE version: OpenJDK Runtime Environment (11.0.11+9) (build 11.0.11+9-b60-7590822)
# Java VM: OpenJDK 64-Bit Server VM (11.0.11+9-b60-7590822, mixed mode, tiered, compressed oops, g1 gc, windows-amd64)
Heap:
 garbage-first heap   total 194560K, used 89231K [0x0000000080000000, 0x0000000100000000)
  region size 1024K, 5 young (5120K), 5 survivors (5120K)
 Metaspace       used 98320K, capacity 100622K, committed 100736K, reserved 1136640K
  class space    used 12588K, capacity 13447K, committed 13516K, reserved 1048576K
GC Heap History (20 events):
Event: 77.774 GC heap after
{Heap after GC invocations=27 (full 0):
 garbage-first heap   total 134144K, used 88467K [0x0000000080000000, 0x0000000100000000)
  region size 1024K, 2 young (2048K), 2 survivors (2048K)
 Metaspace       used 85193K, capacity 87255K, committed 87680K, reserved 1124352K
  class space    used 11033K, capacity 11803K, committed 11980K, reserved 1048576K
}
Event: 78.328 GC heap before
{Heap before GC invocations=28 (full 0):
 garbage-first heap   total 134144K, used 103827K [0x0000000080000000, 0x0000000100000000)
  region size 1024K, 18 young (18432K), 2 survivors (2048K)
 Metaspace       used 86093K, capacity 88190K, committed 88448K, reserved 1126400K
  class space    used 11123K, capacity 11909K, committed 11980K, reserved 1048576K
}
Event: 78.335 GC heap after
{Heap after GC invocations=29 (full 0):
 garbage-first heap   total 134144K, used 89545K [0x0000000080000000, 0x0000000100000000)
  region size 1024K, 3 young (3072K), 3 survivors (3072K)
 Metaspace       used 86093K, capacity 88190K, committed 88448K, reserved 1126400K
  class space    used 11123K, capacity 11909K, committed 11980K, reserved 1048576K
}
Event: 78.363 GC heap before
{Heap before GC invocations=29 (full 0):
 garbage-first heap   total 134144K, used 91593K [0x0000000080000000, 0x0000000100000000)
  region size 1024K, 6 young (6144K), 3 survivors (3072K)
 Metaspace       used 86108K, capacity 88191K, committed 88448K, reserved 1126400K
  class space    used 11123K, capacity 11909K, committed 11980K, reserved 1048576K
}
Event: 78.370 GC heap after
{Heap after GC invocations=30 (full 0):
 garbage-first heap   total 134144K, used 89298K [0x0000000080000000, 0x0000000100000000)
  region size 1024K, 1 young (1024K), 1 survivors (1024K)
 Metaspace       used 86108K, capacity 88191K, committed 88448K, reserved 1126400K
  class space    used 11123K, capacity 11909K, committed 11980K, reserved 1048576K
}
Event: 78.638 GC heap before
{Heap before GC invocations=30 (full 0):
 garbage-first heap   total 134144K, used 105682K [0x0000000080000000, 0x0000000100000000)
  region size 1024K, 18 young (18432K), 1 survivors (1024K)
 Metaspace       used 86196K, capacity 88334K, committed 88448K, reserved 1126400K
  class space    used 11123K, capacity 11909K, committed 11980K, reserved 1048576K
}
Event: 78.643 GC heap after
{Heap after GC invocations=31 (full 0):
 garbage-first heap   total 134144K, used 90066K [0x0000000080000000, 0x0000000100000000)
  region size 1024K, 2 young (2048K), 2 survivors (2048K)
 Metaspace       used 86196K, capacity 88334K, committed 88448K, reserved 1126400K
  class space    used 11123K, capacity 11909K, committed 11980K, reserved 1048576K
}
Event: 79.076 GC heap before
{Heap before GC invocations=32 (full 0):
 garbage-first heap   total 134144K, used 95186K [0x0000000080000000, 0x0000000100000000)
  region size 1024K, 19 young (19456K), 2 survivors (2048K)
 Metaspace       used 86892K, capacity 88976K, committed 89344K, reserved 1126400K
  class space    used 11191K, capacity 11983K, committed 12108K, reserved 1048576K
}
Event: 79.083 GC heap after
{Heap after GC invocations=33 (full 0):
 garbage-first heap   total 134144K, used 79976K [0x0000000080000000, 0x0000000100000000)
  region size 1024K, 3 young (3072K), 3 survivors (3072K)
 Metaspace       used 86892K, capacity 88976K, committed 89344K, reserved 1126400K
  class space    used 11191K, capacity 11983K, committed 12108K, reserved 1048576K
}
Event: 79.119 GC heap before
{Heap before GC invocations=33 (full 0):
 garbage-first heap   total 134144K, used 83048K [0x0000000080000000, 0x0000000100000000)
  region size 1024K, 6 young (6144K), 3 survivors (3072K)
 Metaspace       used 87030K, capacity 89118K, committed 89344K, reserved 1126400K
  class space    used 11211K, capacity 11988K, committed 12108K, reserved 1048576K
}
Event: 79.125 GC heap after
{Heap after GC invocations=34 (full 0):
 garbage-first heap   total 134144K, used 76372K [0x0000000080000000, 0x0000000100000000)
  region size 1024K, 1 young (1024K), 1 survivors (1024K)
 Metaspace       used 87030K, capacity 89118K, committed 89344K, reserved 1126400K
  class space    used 11211K, capacity 11988K, committed 12108K, reserved 1048576K
}
Event: 79.385 GC heap before
{Heap before GC invocations=34 (full 0):
 garbage-first heap   total 134144K, used 100948K [0x0000000080000000, 0x0000000100000000)
  region size 1024K, 26 young (26624K), 1 survivors (1024K)
 Metaspace       used 87740K, capacity 89819K, committed 89984K, reserved 1126400K
  class space    used 11303K, capacity 12085K, committed 12236K, reserved 1048576K
}
Event: 79.394 GC heap after
{Heap after GC invocations=35 (full 0):
 garbage-first heap   total 161792K, used 77240K [0x0000000080000000, 0x0000000100000000)
  region size 1024K, 2 young (2048K), 2 survivors (2048K)
 Metaspace       used 87740K, capacity 89819K, committed 89984K, reserved 1126400K
  class space    used 11303K, capacity 12085K, committed 12236K, reserved 1048576K
}
Event: 80.156 GC heap before
{Heap before GC invocations=36 (full 0):
 garbage-first heap   total 161792K, used 117176K [0x0000000080000000, 0x0000000100000000)
  region size 1024K, 42 young (43008K), 2 survivors (2048K)
 Metaspace       used 89720K, capacity 91762K, committed 92032K, reserved 1128448K
  class space    used 11553K, capacity 12345K, committed 12492K, reserved 1048576K
}
Event: 80.163 GC heap after
{Heap after GC invocations=37 (full 0):
 garbage-first heap   total 161792K, used 78586K [0x0000000080000000, 0x0000000100000000)
  region size 1024K, 3 young (3072K), 3 survivors (3072K)
 Metaspace       used 89720K, capacity 91762K, committed 92032K, reserved 1128448K
  class space    used 11553K, capacity 12345K, committed 12492K, reserved 1048576K
}
Event: 87.699 GC heap before
{Heap before GC invocations=37 (full 0):
 garbage-first heap   total 161792K, used 120570K [0x0000000080000000, 0x0000000100000000)
  region size 1024K, 45 young (46080K), 3 survivors (3072K)
 Metaspace       used 90915K, capacity 93021K, committed 93184K, reserved 1130496K
  class space    used 11661K, capacity 12490K, committed 12620K, reserved 1048576K
}
Event: 87.715 GC heap after
{Heap after GC invocations=38 (full 0):
 garbage-first heap   total 161792K, used 84930K [0x0000000080000000, 0x0000000100000000)
  region size 1024K, 6 young (6144K), 6 survivors (6144K)
 Metaspace       used 90915K, capacity 93021K, committed 93184K, reserved 1130496K
  class space    used 11661K, capacity 12490K, committed 12620K, reserved 1048576K
}
Event: 88.860 GC heap before
{Heap before GC invocations=39 (full 0):
 garbage-first heap   total 161792K, used 124866K [0x0000000080000000, 0x0000000100000000)
  region size 1024K, 46 young (47104K), 6 survivors (6144K)
 Metaspace       used 92059K, capacity 94197K, committed 94464K, reserved 1130496K
  class space    used 11783K, capacity 12583K, committed 12620K, reserved 1048576K
}
Event: 88.877 GC heap after
{Heap after GC invocations=40 (full 0):
 garbage-first heap   total 161792K, used 86917K [0x0000000080000000, 0x0000000100000000)
  region size 1024K, 3 young (3072K), 3 survivors (3072K)
 Metaspace       used 92059K, capacity 94197K, committed 94464K, reserved 1130496K
  class space    used 11783K, capacity 12583K, committed 12620K, reserved 1048576K
}
Event: 91.068 GC heap before
{Heap before GC invocations=40 (full 0):
 garbage-first heap   total 161792K, used 118661K [0x0000000080000000, 0x0000000100000000)
  region size 1024K, 36 young (36864K), 3 survivors (3072K)
 Metaspace       used 98320K, capacity 100622K, committed 100736K, reserved 1136640K
  class space    used 12588K, capacity 13447K, committed 13516K, reserved 1048576K
}

